Arguments: 
  /usr/local/bin/node /opt/homebrew/bin/yarn add -D @types/toml @types/yaml

PATH: 
  /opt/homebrew/bin:/opt/homebrew/sbin:/Users/vedmalex/Library/pnpm:/Users/vedmalex/.yarn/bin:/Users/vedmalex/.config/yarn/global/node_modules/.bin:/Users/vedmalex/.bun/bin:/Users/vedmalex/.meteor:/Users/vedmalex/bin:/opt/local/bin:/opt/local/sbin:/usr/local/bin:/Users/vedmalex/Library/Application:/Users/vedmalex/Library/pnpm:/Users/vedmalex/.yarn/bin:/Users/vedmalex/.config/yarn/global/node_modules/.bin:/Users/vedmalex/.bun/bin:/Users/vedmalex/.meteor:/Users/vedmalex/bin:/opt/local/bin:/opt/local/sbin:/System/Cryptexes/App/usr/bin:/Users/vedmalex/Library/Application:/Users/vedmalex/Library/pnpm:/Users/vedmalex/.yarn/bin:/Users/vedmalex/.config/yarn/global/node_modules/.bin:/Users/vedmalex/.bun/bin:/Users/vedmalex/.meteor:/Users/vedmalex/bin:/opt/local/bin:/opt/local/sbin:/usr/bin:/Users/vedmalex/Library/Application:/Users/vedmalex/Library/pnpm:/Users/vedmalex/.yarn/bin:/Users/vedmalex/.config/yarn/global/node_modules/.bin:/Users/vedmalex/.bun/bin:/Users/vedmalex/.meteor:/Users/vedmalex/bin:/opt/local/bin:/opt/local/sbin:/bin:/Users/vedmalex/Library/Application:/Users/vedmalex/Library/pnpm:/Users/vedmalex/.yarn/bin:/Users/vedmalex/.config/yarn/global/node_modules/.bin:/Users/vedmalex/.bun/bin:/Users/vedmalex/.meteor:/Users/vedmalex/bin:/opt/local/bin:/opt/local/sbin:/usr/sbin:/Users/vedmalex/Library/Application:/Users/vedmalex/Library/pnpm:/Users/vedmalex/.yarn/bin:/Users/vedmalex/.config/yarn/global/node_modules/.bin:/Users/vedmalex/.bun/bin:/Users/vedmalex/.meteor:/Users/vedmalex/bin:/opt/local/bin:/opt/local/sbin:/sbin:/Users/vedmalex/Library/Application:/Users/vedmalex/Library/pnpm:/Users/vedmalex/.yarn/bin:/Users/vedmalex/.config/yarn/global/node_modules/.bin:/Users/vedmalex/.bun/bin:/Users/vedmalex/.meteor:/Users/vedmalex/bin:/opt/local/bin:/opt/local/sbin:.:/Users/vedmalex/Library/Application:Support/JetBrains/Toolbox/scripts

Yarn version: 
  1.22.10

Node version: 
  18.12.0

Platform: 
  darwin arm64

Trace: 
  Error: https://registry.yarnpkg.com/@types%2ftoml: Not found
      at params.callback [as _callback] (/opt/homebrew/lib/node_modules/yarn/lib/cli.js:66988:18)
      at self.callback (/opt/homebrew/lib/node_modules/yarn/lib/cli.js:140662:22)
      at Request.emit (node:events:513:28)
      at Request.<anonymous> (/opt/homebrew/lib/node_modules/yarn/lib/cli.js:141634:10)
      at Request.emit (node:events:513:28)
      at IncomingMessage.<anonymous> (/opt/homebrew/lib/node_modules/yarn/lib/cli.js:141556:12)
      at Object.onceWrapper (node:events:627:28)
      at IncomingMessage.emit (node:events:525:35)
      at endReadableNT (node:internal/streams/readable:1359:12)
      at process.processTicksAndRejections (node:internal/process/task_queues:82:21)

npm manifest: 
  {
    "name": "deplister",
    "version": "1.0.0-beta.0",
    "description": "list dependency for specified ts(x)/js(x) files",
    "main": "lib/index.js",
    "module": "lib/index.js",
    "types": "lib/index.d.ts",
    "bin": {
      "deplister": "./bin/deplister.js"
    },
    "keywords": [],
    "author": " Alex Vedmedenko",
    "license": "ISC",
    "dependencies": {
      "commander": "^10.0.0",
      "glob": "^8.1.0",
      "toml": "^3.0.0",
      "typescript": "next",
      "yaml": "^2.2.1"
    },
    "devDependencies": {
      "@types/glob": "^8.0.1",
      "@types/node": "^18.13.0"
    },
    "scripts": {
      "clean": "git clean -dfqX -- ./node_modules **/{dist,node_modules}/",
      "build": "tsc --build",
      "prepublish": "tsc --build",
      "watch": "tsc --watch"
    }
  }

yarn manifest: 
  No manifest

Lockfile: 
  No lockfile
